0 info it worked if it ends with ok
1 verbose cli [ 'node', '/usr/local/bin/npm', 'install', '-g', 'coffe-script' ]
2 info using npm@1.2.15
3 info using node@v0.10.1
4 verbose read json /usr/local/lib/package.json
5 verbose read json /usr/local/lib/package.json
6 verbose cache add [ 'coffe-script', null ]
7 verbose cache add name=undefined spec="coffe-script" args=["coffe-script",null]
8 verbose parsed url { protocol: null,
8 verbose parsed url   slashes: null,
8 verbose parsed url   auth: null,
8 verbose parsed url   host: null,
8 verbose parsed url   port: null,
8 verbose parsed url   hostname: null,
8 verbose parsed url   hash: null,
8 verbose parsed url   search: null,
8 verbose parsed url   query: null,
8 verbose parsed url   pathname: 'coffe-script',
8 verbose parsed url   path: 'coffe-script',
8 verbose parsed url   href: 'coffe-script' }
9 silly lockFile 7034c740-coffe-script coffe-script
10 verbose lock coffe-script /Users/Yunny/.npm/7034c740-coffe-script.lock
11 silly lockFile 7034c740-coffe-script coffe-script
12 silly lockFile 7034c740-coffe-script coffe-script
13 verbose addNamed [ 'coffe-script', '' ]
14 verbose addNamed [ null, '' ]
15 silly lockFile 02cb5a0e-coffe-script coffe-script@
16 verbose lock coffe-script@ /Users/Yunny/.npm/02cb5a0e-coffe-script.lock
17 silly addNameRange { name: 'coffe-script', range: '', hasData: false }
18 verbose url raw coffe-script
19 verbose url resolving [ 'https://registry.npmjs.org/', './coffe-script' ]
20 verbose url resolved https://registry.npmjs.org/coffe-script
21 info trying registry request attempt 1 at 16:48:17
22 http GET https://registry.npmjs.org/coffe-script
23 http 404 https://registry.npmjs.org/coffe-script
24 silly registry.get cb [ 404,
24 silly registry.get   { server: 'CouchDB/1.3.0 (Erlang OTP/R15B03)',
24 silly registry.get     date: 'Wed, 12 Jun 2013 23:48:10 GMT',
24 silly registry.get     'content-type': 'application/json',
24 silly registry.get     'content-length': '52',
24 silly registry.get     'cache-control': 'must-revalidate' } ]
25 silly lockFile 02cb5a0e-coffe-script coffe-script@
26 silly lockFile 02cb5a0e-coffe-script coffe-script@
27 error 404 'coffe-script' is not in the npm registry.
27 error 404 You should bug the author to publish it
27 error 404
27 error 404 Note that you can also install from a
27 error 404 tarball, folder, or http url, or git url.
28 error System Darwin 12.4.0
29 error command "node" "/usr/local/bin/npm" "install" "-g" "coffe-script"
30 error cwd /Users/Yunny/Documents/Programming/Ruby/Obscura
31 error node -v v0.10.1
32 error npm -v 1.2.15
33 error code E404
34 verbose exit [ 1, true ]
